<?xml version="1.0" encoding="UTF-8"?>
<trace:TraceModel xmi:version="2.0"
    xmlns:xmi="http://www.omg.org/XMI"
    xmlns:trace="http://www.eclipse.org/gmf/2006/Trace">
  <nodeTraces
      visualID="2001"
      queryText="(let _eClass_:ecore::EClass = modelFacet.metaClass.ecoreClass in _eClass_.ePackage.nsURI = 'http://www.eclipse.org/uml2/2.1.0/UML' and _eClass_.name = 'Interaction') and (let _containmentMF_:ecore::EStructuralFeature = modelFacet.containmentMetaFeature.ecoreFeature in (let _eClass_:ecore::EClass = _containmentMF_.eContainingClass in _eClass_.ePackage.nsURI = 'http://www.eclipse.org/uml2/2.1.0/UML' and _eClass_.name = 'Package') and _containmentMF_.name = 'packagedElement')">
    <nodeLabelTraces
        visualID="5002"
        queryText="true"/>
  </nodeTraces>
  <childNodeTraces
      visualID="3001"
      queryText="(let _eClass_:ecore::EClass = modelFacet.metaClass.ecoreClass in _eClass_.ePackage.nsURI = 'http://www.eclipse.org/uml2/2.1.0/UML' and _eClass_.name = 'Lifeline') and (let _containmentMF_:ecore::EStructuralFeature = modelFacet.containmentMetaFeature.ecoreFeature in (let _eClass_:ecore::EClass = _containmentMF_.eContainingClass in _eClass_.ePackage.nsURI = 'http://www.eclipse.org/uml2/2.1.0/UML' and _eClass_.name = 'Interaction') and _containmentMF_.name = 'lifeline')">
    <nodeLabelTraces
        visualID="5001"
        queryText="true"/>
    <nodeLabelTraces
        visualID="5005"
        queryText="true"/>
  </childNodeTraces>
  <childNodeTraces
      visualID="3002"
      queryText="let _eClass_:ecore::EClass = modelFacet.metaClass.ecoreClass in _eClass_.ePackage.nsURI = 'http://www.eclipse.org/uml2/2.1.0/UML' and _eClass_.name = 'ActionExecutionSpecification'">
    <nodeLabelTraces
        visualID="5003"
        queryText="true"/>
  </childNodeTraces>
  <childNodeTraces
      visualID="3003"
      queryText="(let _eClass_:ecore::EClass = modelFacet.metaClass.ecoreClass in _eClass_.ePackage.nsURI = 'http://www.eclipse.org/uml2/2.1.0/UML' and _eClass_.name = 'StateInvariant') and (let _containmentMF_:ecore::EStructuralFeature = modelFacet.containmentMetaFeature.ecoreFeature in (let _eClass_:ecore::EClass = _containmentMF_.eContainingClass in _eClass_.ePackage.nsURI = 'http://www.eclipse.org/uml2/2.1.0/UML' and _eClass_.name = 'Interaction') and _containmentMF_.name = 'fragment')">
    <nodeLabelTraces
        visualID="5004"
        queryText="true"/>
  </childNodeTraces>
  <childNodeTraces
      visualID="3004"
      queryText="(let _eClass_:ecore::EClass = modelFacet.metaClass.ecoreClass in _eClass_.ePackage.nsURI = 'http://www.eclipse.org/uml2/2.1.0/UML' and _eClass_.name = 'BehaviorExecutionSpecification') and (let _containmentMF_:ecore::EStructuralFeature = modelFacet.containmentMetaFeature.ecoreFeature in (let _eClass_:ecore::EClass = _containmentMF_.eContainingClass in _eClass_.ePackage.nsURI = 'http://www.eclipse.org/uml2/2.1.0/UML' and _eClass_.name = 'Interaction') and _containmentMF_.name = 'fragment')"/>
  <childNodeTraces
      visualID="3005"
      queryText="(let _eClass_:ecore::EClass = modelFacet.metaClass.ecoreClass in _eClass_.ePackage.nsURI = 'http://www.eclipse.org/uml2/2.1.0/UML' and _eClass_.name = 'Gate') and (let _containmentMF_:ecore::EStructuralFeature = modelFacet.containmentMetaFeature.ecoreFeature in (let _eClass_:ecore::EClass = _containmentMF_.eContainingClass in _eClass_.ePackage.nsURI = 'http://www.eclipse.org/uml2/2.1.0/UML' and _eClass_.name = 'Interaction') and _containmentMF_.name = 'formalGate')"/>
  <childNodeTraces
      visualID="3006"
      queryText="(let _eClass_:ecore::EClass = modelFacet.metaClass.ecoreClass in _eClass_.ePackage.nsURI = 'http://www.eclipse.org/uml2/2.1.0/UML' and _eClass_.name = 'InteractionUse') and (let _containmentMF_:ecore::EStructuralFeature = modelFacet.containmentMetaFeature.ecoreFeature in (let _eClass_:ecore::EClass = _containmentMF_.eContainingClass in _eClass_.ePackage.nsURI = 'http://www.eclipse.org/uml2/2.1.0/UML' and _eClass_.name = 'Interaction') and _containmentMF_.name = 'fragment') and ( let _childMF_:ecore::EStructuralFeature = modelFacet.childMetaFeature.ecoreFeature in (let _eClass_:ecore::EClass = _childMF_.eContainingClass in _eClass_.ePackage.nsURI = 'http://www.eclipse.org/uml2/2.1.0/UML' and _eClass_.name = 'Lifeline') and _childMF_.name = 'coveredBy')"/>
  <childNodeTraces
      visualID="3007"
      queryText="(let _eClass_:ecore::EClass = modelFacet.metaClass.ecoreClass in _eClass_.ePackage.nsURI = 'http://www.eclipse.org/uml2/2.1.0/UML' and _eClass_.name = 'InteractionUse') and (let _containmentMF_:ecore::EStructuralFeature = modelFacet.containmentMetaFeature.ecoreFeature in (let _eClass_:ecore::EClass = _containmentMF_.eContainingClass in _eClass_.ePackage.nsURI = 'http://www.eclipse.org/uml2/2.1.0/UML' and _eClass_.name = 'Interaction') and _containmentMF_.name = 'fragment')">
    <nodeLabelTraces
        visualID="5007"
        queryText="true"/>
  </childNodeTraces>
  <childNodeTraces
      visualID="3008"
      queryText="(let _eClass_:ecore::EClass = modelFacet.metaClass.ecoreClass in _eClass_.ePackage.nsURI = 'http://www.eclipse.org/uml2/2.1.0/UML' and _eClass_.name = 'CombinedFragment') and (let _containmentMF_:ecore::EStructuralFeature = modelFacet.containmentMetaFeature.ecoreFeature in (let _eClass_:ecore::EClass = _containmentMF_.eContainingClass in _eClass_.ePackage.nsURI = 'http://www.eclipse.org/uml2/2.1.0/UML' and _eClass_.name = 'Interaction') and _containmentMF_.name = 'fragment')">
    <nodeLabelTraces
        visualID="5010"
        queryText="true"/>
  </childNodeTraces>
  <childNodeTraces
      visualID="3009"
      queryText="(let _eClass_:ecore::EClass = modelFacet.metaClass.ecoreClass in _eClass_.ePackage.nsURI = 'http://www.eclipse.org/uml2/2.1.0/UML' and _eClass_.name = 'InteractionOperand') and (let _containmentMF_:ecore::EStructuralFeature = modelFacet.containmentMetaFeature.ecoreFeature in (let _eClass_:ecore::EClass = _containmentMF_.eContainingClass in _eClass_.ePackage.nsURI = 'http://www.eclipse.org/uml2/2.1.0/UML' and _eClass_.name = 'CombinedFragment') and _containmentMF_.name = 'operand')"/>
  <childNodeTraces
      visualID="3010"
      queryText="(let _eClass_:ecore::EClass = modelFacet.metaClass.ecoreClass in _eClass_.ePackage.nsURI = 'http://www.eclipse.org/uml2/2.1.0/UML' and _eClass_.name = 'CombinedFragment') and (let _containmentMF_:ecore::EStructuralFeature = modelFacet.containmentMetaFeature.ecoreFeature in (let _eClass_:ecore::EClass = _containmentMF_.eContainingClass in _eClass_.ePackage.nsURI = 'http://www.eclipse.org/uml2/2.1.0/UML' and _eClass_.name = 'Interaction') and _containmentMF_.name = 'fragment') and ( let _childMF_:ecore::EStructuralFeature = modelFacet.childMetaFeature.ecoreFeature in (let _eClass_:ecore::EClass = _childMF_.eContainingClass in _eClass_.ePackage.nsURI = 'http://www.eclipse.org/uml2/2.1.0/UML' and _eClass_.name = 'Lifeline') and _childMF_.name = 'coveredBy')"/>
  <childNodeTraces
      visualID="3011"
      queryText="(let _eClass_:ecore::EClass = modelFacet.metaClass.ecoreClass in _eClass_.ePackage.nsURI = 'http://www.eclipse.org/uml2/2.1.0/UML' and _eClass_.name = 'InteractionOperand') and (let _containmentMF_:ecore::EStructuralFeature = modelFacet.containmentMetaFeature.ecoreFeature in (let _eClass_:ecore::EClass = _containmentMF_.eContainingClass in _eClass_.ePackage.nsURI = 'http://www.eclipse.org/uml2/2.1.0/UML' and _eClass_.name = 'CombinedFragment') and _containmentMF_.name = 'operand')"/>
  <linkTraces
      visualID="4001"
      queryText="modelFacet.oclIsKindOf(gmfgen::TypeLinkModelFacet) and (let _eClass_:ecore::EClass = modelFacet.oclAsType(gmfgen::TypeLinkModelFacet).metaClass.ecoreClass in _eClass_.ePackage.nsURI = 'http://www.eclipse.org/uml2/2.1.0/UML' and _eClass_.name = 'Message')"/>
  <linkTraces
      visualID="4002"
      queryText="modelFacet = null"/>
</trace:TraceModel>
