<?xml version="1.0" encoding="UTF-8"?>
<trace:TraceModel xmi:version="2.0"
    xmlns:xmi="http://www.omg.org/XMI"
    xmlns:trace="http://www.eclipse.org/gmf/2006/Trace">
  <nodeTraces
      visualID="2026"
      queryText="(let _eClass_:ecore::EClass = modelFacet.metaClass.ecoreClass in _eClass_.ePackage.nsURI = 'http://www.eclipse.org/uml2/2.1.0/UML' and _eClass_.name = 'Activity') and (let _containmentMF_:ecore::EStructuralFeature = modelFacet.containmentMetaFeature.ecoreFeature in (let _eClass_:ecore::EClass = _containmentMF_.eContainingClass in _eClass_.ePackage.nsURI = 'http://www.eclipse.org/uml2/2.1.0/UML' and _eClass_.name = 'Package') and _containmentMF_.name = 'packagedElement')">
    <nodeLabelTraces
        visualID="5030"
        queryText="true"/>
    <compartmentTraces
        visualID="7010"
        queryText="true"/>
  </nodeTraces>
  <nodeTraces
      visualID="2027"
      queryText="let _eClass_:ecore::EClass = modelFacet.metaClass.ecoreClass in _eClass_.ePackage.nsURI = 'http://www.eclipse.org/uml2/2.1.0/UML' and _eClass_.name = 'Constraint'">
    <compartmentTraces
        visualID="7013"
        queryText="true"/>
  </nodeTraces>
  <nodeTraces
      visualID="2028"
      queryText="let _eClass_:ecore::EClass = modelFacet.metaClass.ecoreClass in _eClass_.ePackage.nsURI = 'http://www.eclipse.org/uml2/2.1.0/UML' and _eClass_.name = 'Constraint'">
    <compartmentTraces
        visualID="7014"
        queryText="true"/>
  </nodeTraces>
  <childNodeTraces
      visualID="3001"
      queryText="(let _eClass_:ecore::EClass = modelFacet.metaClass.ecoreClass in _eClass_.ePackage.nsURI = 'http://www.eclipse.org/uml2/2.1.0/UML' and _eClass_.name = 'OutputPin') and (let _containmentMF_:ecore::EStructuralFeature = modelFacet.containmentMetaFeature.ecoreFeature in (let _eClass_:ecore::EClass = _containmentMF_.eContainingClass in _eClass_.ePackage.nsURI = 'http://www.eclipse.org/uml2/2.1.0/UML' and _eClass_.name = 'OpaqueAction') and _containmentMF_.name = 'outputValue')">
    <nodeLabelTraces
        visualID="5003"
        queryText="true"/>
  </childNodeTraces>
  <childNodeTraces
      visualID="3002"
      queryText="(let _eClass_:ecore::EClass = modelFacet.metaClass.ecoreClass in _eClass_.ePackage.nsURI = 'http://www.eclipse.org/uml2/2.1.0/UML' and _eClass_.name = 'OutputPin') and (let _containmentMF_:ecore::EStructuralFeature = modelFacet.containmentMetaFeature.ecoreFeature in (let _eClass_:ecore::EClass = _containmentMF_.eContainingClass in _eClass_.ePackage.nsURI = 'http://www.eclipse.org/uml2/2.1.0/UML' and _eClass_.name = 'CreateObjectAction') and _containmentMF_.name = 'result')">
    <nodeLabelTraces
        visualID="5004"
        queryText="true"/>
  </childNodeTraces>
  <childNodeTraces
      visualID="3003"
      queryText="(let _eClass_:ecore::EClass = modelFacet.metaClass.ecoreClass in _eClass_.ePackage.nsURI = 'http://www.eclipse.org/uml2/2.1.0/UML' and _eClass_.name = 'InputPin') and (let _containmentMF_:ecore::EStructuralFeature = modelFacet.containmentMetaFeature.ecoreFeature in (let _eClass_:ecore::EClass = _containmentMF_.eContainingClass in _eClass_.ePackage.nsURI = 'http://www.eclipse.org/uml2/2.1.0/UML' and _eClass_.name = 'AddStructuralFeatureValueAction') and _containmentMF_.name = 'insertAt')">
    <nodeLabelTraces
        visualID="5006"
        queryText="true"/>
  </childNodeTraces>
  <childNodeTraces
      visualID="3004"
      queryText="(let _eClass_:ecore::EClass = modelFacet.metaClass.ecoreClass in _eClass_.ePackage.nsURI = 'http://www.eclipse.org/uml2/2.1.0/UML' and _eClass_.name = 'InputPin') and (let _containmentMF_:ecore::EStructuralFeature = modelFacet.containmentMetaFeature.ecoreFeature in (let _eClass_:ecore::EClass = _containmentMF_.eContainingClass in _eClass_.ePackage.nsURI = 'http://www.eclipse.org/uml2/2.1.0/UML' and _eClass_.name = 'WriteStructuralFeatureAction') and _containmentMF_.name = 'value')">
    <nodeLabelTraces
        visualID="5007"
        queryText="true"/>
  </childNodeTraces>
  <childNodeTraces
      visualID="3005"
      queryText="(let _eClass_:ecore::EClass = modelFacet.metaClass.ecoreClass in _eClass_.ePackage.nsURI = 'http://www.eclipse.org/uml2/2.1.0/UML' and _eClass_.name = 'InputPin') and (let _containmentMF_:ecore::EStructuralFeature = modelFacet.containmentMetaFeature.ecoreFeature in (let _eClass_:ecore::EClass = _containmentMF_.eContainingClass in _eClass_.ePackage.nsURI = 'http://www.eclipse.org/uml2/2.1.0/UML' and _eClass_.name = 'StructuralFeatureAction') and _containmentMF_.name = 'object')">
    <nodeLabelTraces
        visualID="5008"
        queryText="true"/>
  </childNodeTraces>
  <childNodeTraces
      visualID="3006"
      queryText="(let _eClass_:ecore::EClass = modelFacet.metaClass.ecoreClass in _eClass_.ePackage.nsURI = 'http://www.eclipse.org/uml2/2.1.0/UML' and _eClass_.name = 'OutputPin') and (let _containmentMF_:ecore::EStructuralFeature = modelFacet.containmentMetaFeature.ecoreFeature in (let _eClass_:ecore::EClass = _containmentMF_.eContainingClass in _eClass_.ePackage.nsURI = 'http://www.eclipse.org/uml2/2.1.0/UML' and _eClass_.name = 'CallAction') and _containmentMF_.name = 'result')">
    <nodeLabelTraces
        visualID="5010"
        queryText="true"/>
  </childNodeTraces>
  <childNodeTraces
      visualID="3007"
      queryText="(let _eClass_:ecore::EClass = modelFacet.metaClass.ecoreClass in _eClass_.ePackage.nsURI = 'http://www.eclipse.org/uml2/2.1.0/UML' and _eClass_.name = 'InputPin') and (let _containmentMF_:ecore::EStructuralFeature = modelFacet.containmentMetaFeature.ecoreFeature in (let _eClass_:ecore::EClass = _containmentMF_.eContainingClass in _eClass_.ePackage.nsURI = 'http://www.eclipse.org/uml2/2.1.0/UML' and _eClass_.name = 'InvocationAction') and _containmentMF_.name = 'argument')">
    <nodeLabelTraces
        visualID="5011"
        queryText="true"/>
  </childNodeTraces>
  <childNodeTraces
      visualID="3008"
      queryText="(let _eClass_:ecore::EClass = modelFacet.metaClass.ecoreClass in _eClass_.ePackage.nsURI = 'http://www.eclipse.org/uml2/2.1.0/UML' and _eClass_.name = 'InputPin') and (let _containmentMF_:ecore::EStructuralFeature = modelFacet.containmentMetaFeature.ecoreFeature in (let _eClass_:ecore::EClass = _containmentMF_.eContainingClass in _eClass_.ePackage.nsURI = 'http://www.eclipse.org/uml2/2.1.0/UML' and _eClass_.name = 'CallOperationAction') and _containmentMF_.name = 'target')">
    <nodeLabelTraces
        visualID="5013"
        queryText="true"/>
  </childNodeTraces>
  <childNodeTraces
      visualID="3009"
      queryText="(let _eClass_:ecore::EClass = modelFacet.metaClass.ecoreClass in _eClass_.ePackage.nsURI = 'http://www.eclipse.org/uml2/2.1.0/UML' and _eClass_.name = 'StructuredActivityNode') and (let _containmentMF_:ecore::EStructuralFeature = modelFacet.containmentMetaFeature.ecoreFeature in (let _eClass_:ecore::EClass = _containmentMF_.eContainingClass in _eClass_.ePackage.nsURI = 'http://www.eclipse.org/uml2/2.1.0/UML' and _eClass_.name = 'StructuredActivityNode') and _containmentMF_.name = 'node')">
    <compartmentTraces
        visualID="7002"
        queryText="true"/>
  </childNodeTraces>
  <childNodeTraces
      visualID="3011"
      queryText="(let _eClass_:ecore::EClass = modelFacet.metaClass.ecoreClass in _eClass_.ePackage.nsURI = 'http://www.eclipse.org/uml2/2.1.0/UML' and _eClass_.name = 'OpaqueAction') and (let _containmentMF_:ecore::EStructuralFeature = modelFacet.containmentMetaFeature.ecoreFeature in (let _eClass_:ecore::EClass = _containmentMF_.eContainingClass in _eClass_.ePackage.nsURI = 'http://www.eclipse.org/uml2/2.1.0/UML' and _eClass_.name = 'StructuredActivityNode') and _containmentMF_.name = 'node')">
    <nodeLabelTraces
        visualID="5015"
        queryText="true"/>
  </childNodeTraces>
  <childNodeTraces
      visualID="3012"
      queryText="(let _eClass_:ecore::EClass = modelFacet.metaClass.ecoreClass in _eClass_.ePackage.nsURI = 'http://www.eclipse.org/uml2/2.1.0/UML' and _eClass_.name = 'AcceptEventAction') and (let _containmentMF_:ecore::EStructuralFeature = modelFacet.containmentMetaFeature.ecoreFeature in (let _eClass_:ecore::EClass = _containmentMF_.eContainingClass in _eClass_.ePackage.nsURI = 'http://www.eclipse.org/uml2/2.1.0/UML' and _eClass_.name = 'StructuredActivityNode') and _containmentMF_.name = 'node')">
    <nodeLabelTraces
        visualID="5041"
        queryText="true"/>
  </childNodeTraces>
  <childNodeTraces
      visualID="3013"
      queryText="(let _eClass_:ecore::EClass = modelFacet.metaClass.ecoreClass in _eClass_.ePackage.nsURI = 'http://www.eclipse.org/uml2/2.1.0/UML' and _eClass_.name = 'AcceptEventAction') and (let _containmentMF_:ecore::EStructuralFeature = modelFacet.containmentMetaFeature.ecoreFeature in (let _eClass_:ecore::EClass = _containmentMF_.eContainingClass in _eClass_.ePackage.nsURI = 'http://www.eclipse.org/uml2/2.1.0/UML' and _eClass_.name = 'StructuredActivityNode') and _containmentMF_.name = 'node')">
    <nodeLabelTraces
        visualID="5043"
        queryText="true"/>
  </childNodeTraces>
  <childNodeTraces
      visualID="3014"
      queryText="(let _eClass_:ecore::EClass = modelFacet.metaClass.ecoreClass in _eClass_.ePackage.nsURI = 'http://www.eclipse.org/uml2/2.1.0/UML' and _eClass_.name = 'ActivityFinalNode') and (let _containmentMF_:ecore::EStructuralFeature = modelFacet.containmentMetaFeature.ecoreFeature in (let _eClass_:ecore::EClass = _containmentMF_.eContainingClass in _eClass_.ePackage.nsURI = 'http://www.eclipse.org/uml2/2.1.0/UML' and _eClass_.name = 'StructuredActivityNode') and _containmentMF_.name = 'node')"/>
  <childNodeTraces
      visualID="3015"
      queryText="(let _eClass_:ecore::EClass = modelFacet.metaClass.ecoreClass in _eClass_.ePackage.nsURI = 'http://www.eclipse.org/uml2/2.1.0/UML' and _eClass_.name = 'DecisionNode') and (let _containmentMF_:ecore::EStructuralFeature = modelFacet.containmentMetaFeature.ecoreFeature in (let _eClass_:ecore::EClass = _containmentMF_.eContainingClass in _eClass_.ePackage.nsURI = 'http://www.eclipse.org/uml2/2.1.0/UML' and _eClass_.name = 'StructuredActivityNode') and _containmentMF_.name = 'node')"/>
  <childNodeTraces
      visualID="3016"
      queryText="(let _eClass_:ecore::EClass = modelFacet.metaClass.ecoreClass in _eClass_.ePackage.nsURI = 'http://www.eclipse.org/uml2/2.1.0/UML' and _eClass_.name = 'FlowFinalNode') and (let _containmentMF_:ecore::EStructuralFeature = modelFacet.containmentMetaFeature.ecoreFeature in (let _eClass_:ecore::EClass = _containmentMF_.eContainingClass in _eClass_.ePackage.nsURI = 'http://www.eclipse.org/uml2/2.1.0/UML' and _eClass_.name = 'StructuredActivityNode') and _containmentMF_.name = 'node')"/>
  <childNodeTraces
      visualID="3017"
      queryText="(let _eClass_:ecore::EClass = modelFacet.metaClass.ecoreClass in _eClass_.ePackage.nsURI = 'http://www.eclipse.org/uml2/2.1.0/UML' and _eClass_.name = 'Pin') and (let _containmentMF_:ecore::EStructuralFeature = modelFacet.containmentMetaFeature.ecoreFeature in (let _eClass_:ecore::EClass = _containmentMF_.eContainingClass in _eClass_.ePackage.nsURI = 'http://www.eclipse.org/uml2/2.1.0/UML' and _eClass_.name = 'StructuredActivityNode') and _containmentMF_.name = 'node')">
    <nodeLabelTraces
        visualID="5016"
        queryText="true"/>
  </childNodeTraces>
  <childNodeTraces
      visualID="3018"
      queryText="(let _eClass_:ecore::EClass = modelFacet.metaClass.ecoreClass in _eClass_.ePackage.nsURI = 'http://www.eclipse.org/uml2/2.1.0/UML' and _eClass_.name = 'CreateObjectAction') and (let _containmentMF_:ecore::EStructuralFeature = modelFacet.containmentMetaFeature.ecoreFeature in (let _eClass_:ecore::EClass = _containmentMF_.eContainingClass in _eClass_.ePackage.nsURI = 'http://www.eclipse.org/uml2/2.1.0/UML' and _eClass_.name = 'StructuredActivityNode') and _containmentMF_.name = 'node')">
    <nodeLabelTraces
        visualID="5017"
        queryText="true"/>
  </childNodeTraces>
  <childNodeTraces
      visualID="3019"
      queryText="(let _eClass_:ecore::EClass = modelFacet.metaClass.ecoreClass in _eClass_.ePackage.nsURI = 'http://www.eclipse.org/uml2/2.1.0/UML' and _eClass_.name = 'CallBehaviorAction') and (let _containmentMF_:ecore::EStructuralFeature = modelFacet.containmentMetaFeature.ecoreFeature in (let _eClass_:ecore::EClass = _containmentMF_.eContainingClass in _eClass_.ePackage.nsURI = 'http://www.eclipse.org/uml2/2.1.0/UML' and _eClass_.name = 'StructuredActivityNode') and _containmentMF_.name = 'node')">
    <nodeLabelTraces
        visualID="5018"
        queryText="true"/>
  </childNodeTraces>
  <childNodeTraces
      visualID="3020"
      queryText="(let _eClass_:ecore::EClass = modelFacet.metaClass.ecoreClass in _eClass_.ePackage.nsURI = 'http://www.eclipse.org/uml2/2.1.0/UML' and _eClass_.name = 'CallOperationAction') and (let _containmentMF_:ecore::EStructuralFeature = modelFacet.containmentMetaFeature.ecoreFeature in (let _eClass_:ecore::EClass = _containmentMF_.eContainingClass in _eClass_.ePackage.nsURI = 'http://www.eclipse.org/uml2/2.1.0/UML' and _eClass_.name = 'StructuredActivityNode') and _containmentMF_.name = 'node')">
    <nodeLabelTraces
        visualID="5019"
        queryText="true"/>
  </childNodeTraces>
  <childNodeTraces
      visualID="3021"
      queryText="(let _eClass_:ecore::EClass = modelFacet.metaClass.ecoreClass in _eClass_.ePackage.nsURI = 'http://www.eclipse.org/uml2/2.1.0/UML' and _eClass_.name = 'ForkNode') and (let _containmentMF_:ecore::EStructuralFeature = modelFacet.containmentMetaFeature.ecoreFeature in (let _eClass_:ecore::EClass = _containmentMF_.eContainingClass in _eClass_.ePackage.nsURI = 'http://www.eclipse.org/uml2/2.1.0/UML' and _eClass_.name = 'StructuredActivityNode') and _containmentMF_.name = 'node')"/>
  <childNodeTraces
      visualID="3022"
      queryText="(let _eClass_:ecore::EClass = modelFacet.metaClass.ecoreClass in _eClass_.ePackage.nsURI = 'http://www.eclipse.org/uml2/2.1.0/UML' and _eClass_.name = 'JoinNode') and (let _containmentMF_:ecore::EStructuralFeature = modelFacet.containmentMetaFeature.ecoreFeature in (let _eClass_:ecore::EClass = _containmentMF_.eContainingClass in _eClass_.ePackage.nsURI = 'http://www.eclipse.org/uml2/2.1.0/UML' and _eClass_.name = 'StructuredActivityNode') and _containmentMF_.name = 'node')"/>
  <childNodeTraces
      visualID="3023"
      queryText="(let _eClass_:ecore::EClass = modelFacet.metaClass.ecoreClass in _eClass_.ePackage.nsURI = 'http://www.eclipse.org/uml2/2.1.0/UML' and _eClass_.name = 'AddStructuralFeatureValueAction') and (let _containmentMF_:ecore::EStructuralFeature = modelFacet.containmentMetaFeature.ecoreFeature in (let _eClass_:ecore::EClass = _containmentMF_.eContainingClass in _eClass_.ePackage.nsURI = 'http://www.eclipse.org/uml2/2.1.0/UML' and _eClass_.name = 'StructuredActivityNode') and _containmentMF_.name = 'node')">
    <nodeLabelTraces
        visualID="5020"
        queryText="true"/>
  </childNodeTraces>
  <childNodeTraces
      visualID="3024"
      queryText="(let _eClass_:ecore::EClass = modelFacet.metaClass.ecoreClass in _eClass_.ePackage.nsURI = 'http://www.eclipse.org/uml2/2.1.0/UML' and _eClass_.name = 'DataStoreNode') and (let _containmentMF_:ecore::EStructuralFeature = modelFacet.containmentMetaFeature.ecoreFeature in (let _eClass_:ecore::EClass = _containmentMF_.eContainingClass in _eClass_.ePackage.nsURI = 'http://www.eclipse.org/uml2/2.1.0/UML' and _eClass_.name = 'StructuredActivityNode') and _containmentMF_.name = 'node')">
    <nodeLabelTraces
        visualID="5035"
        queryText="true"/>
    <nodeLabelTraces
        visualID="5037"
        queryText="true"/>
  </childNodeTraces>
  <childNodeTraces
      visualID="3025"
      queryText="(let _eClass_:ecore::EClass = modelFacet.metaClass.ecoreClass in _eClass_.ePackage.nsURI = 'http://www.eclipse.org/uml2/2.1.0/UML' and _eClass_.name = 'CentralBufferNode') and (let _containmentMF_:ecore::EStructuralFeature = modelFacet.containmentMetaFeature.ecoreFeature in (let _eClass_:ecore::EClass = _containmentMF_.eContainingClass in _eClass_.ePackage.nsURI = 'http://www.eclipse.org/uml2/2.1.0/UML' and _eClass_.name = 'StructuredActivityNode') and _containmentMF_.name = 'node')">
    <nodeLabelTraces
        visualID="5033"
        queryText="true"/>
    <nodeLabelTraces
        visualID="5039"
        queryText="true"/>
  </childNodeTraces>
  <childNodeTraces
      visualID="3029"
      queryText="let _eClass_:ecore::EClass = modelFacet.metaClass.ecoreClass in _eClass_.ePackage.nsURI = 'http://www.eclipse.org/uml2/2.1.0/UML' and _eClass_.name = 'OpaqueAction'">
    <nodeLabelTraces
        visualID="5023"
        queryText="true"/>
  </childNodeTraces>
  <childNodeTraces
      visualID="3030"
      queryText="(let _eClass_:ecore::EClass = modelFacet.metaClass.ecoreClass in _eClass_.ePackage.nsURI = 'http://www.eclipse.org/uml2/2.1.0/UML' and _eClass_.name = 'AcceptEventAction') and (let _containmentMF_:ecore::EStructuralFeature = modelFacet.containmentMetaFeature.ecoreFeature in (let _eClass_:ecore::EClass = _containmentMF_.eContainingClass in _eClass_.ePackage.nsURI = 'http://www.eclipse.org/uml2/2.1.0/UML' and _eClass_.name = 'Activity') and _containmentMF_.name = 'node')">
    <nodeLabelTraces
        visualID="5040"
        queryText="true"/>
  </childNodeTraces>
  <childNodeTraces
      visualID="3031"
      queryText="(let _eClass_:ecore::EClass = modelFacet.metaClass.ecoreClass in _eClass_.ePackage.nsURI = 'http://www.eclipse.org/uml2/2.1.0/UML' and _eClass_.name = 'AcceptEventAction') and (let _containmentMF_:ecore::EStructuralFeature = modelFacet.containmentMetaFeature.ecoreFeature in (let _eClass_:ecore::EClass = _containmentMF_.eContainingClass in _eClass_.ePackage.nsURI = 'http://www.eclipse.org/uml2/2.1.0/UML' and _eClass_.name = 'Activity') and _containmentMF_.name = 'node')">
    <nodeLabelTraces
        visualID="5042"
        queryText="true"/>
  </childNodeTraces>
  <childNodeTraces
      visualID="3032"
      queryText="(let _eClass_:ecore::EClass = modelFacet.metaClass.ecoreClass in _eClass_.ePackage.nsURI = 'http://www.eclipse.org/uml2/2.1.0/UML' and _eClass_.name = 'ActivityFinalNode') and (let _containmentMF_:ecore::EStructuralFeature = modelFacet.containmentMetaFeature.ecoreFeature in (let _eClass_:ecore::EClass = _containmentMF_.eContainingClass in _eClass_.ePackage.nsURI = 'http://www.eclipse.org/uml2/2.1.0/UML' and _eClass_.name = 'Activity') and _containmentMF_.name = 'node')"/>
  <childNodeTraces
      visualID="3033"
      queryText="(let _eClass_:ecore::EClass = modelFacet.metaClass.ecoreClass in _eClass_.ePackage.nsURI = 'http://www.eclipse.org/uml2/2.1.0/UML' and _eClass_.name = 'DecisionNode') and (let _containmentMF_:ecore::EStructuralFeature = modelFacet.containmentMetaFeature.ecoreFeature in (let _eClass_:ecore::EClass = _containmentMF_.eContainingClass in _eClass_.ePackage.nsURI = 'http://www.eclipse.org/uml2/2.1.0/UML' and _eClass_.name = 'Activity') and _containmentMF_.name = 'node')"/>
  <childNodeTraces
      visualID="3034"
      queryText="(let _eClass_:ecore::EClass = modelFacet.metaClass.ecoreClass in _eClass_.ePackage.nsURI = 'http://www.eclipse.org/uml2/2.1.0/UML' and _eClass_.name = 'MergeNode') and (let _containmentMF_:ecore::EStructuralFeature = modelFacet.containmentMetaFeature.ecoreFeature in (let _eClass_:ecore::EClass = _containmentMF_.eContainingClass in _eClass_.ePackage.nsURI = 'http://www.eclipse.org/uml2/2.1.0/UML' and _eClass_.name = 'Activity') and _containmentMF_.name = 'node')"/>
  <childNodeTraces
      visualID="3035"
      queryText="(let _eClass_:ecore::EClass = modelFacet.metaClass.ecoreClass in _eClass_.ePackage.nsURI = 'http://www.eclipse.org/uml2/2.1.0/UML' and _eClass_.name = 'InitialNode') and (let _containmentMF_:ecore::EStructuralFeature = modelFacet.containmentMetaFeature.ecoreFeature in (let _eClass_:ecore::EClass = _containmentMF_.eContainingClass in _eClass_.ePackage.nsURI = 'http://www.eclipse.org/uml2/2.1.0/UML' and _eClass_.name = 'Activity') and _containmentMF_.name = 'node')"/>
  <childNodeTraces
      visualID="3036"
      queryText="(let _eClass_:ecore::EClass = modelFacet.metaClass.ecoreClass in _eClass_.ePackage.nsURI = 'http://www.eclipse.org/uml2/2.1.0/UML' and _eClass_.name = 'DataStoreNode') and (let _containmentMF_:ecore::EStructuralFeature = modelFacet.containmentMetaFeature.ecoreFeature in (let _eClass_:ecore::EClass = _containmentMF_.eContainingClass in _eClass_.ePackage.nsURI = 'http://www.eclipse.org/uml2/2.1.0/UML' and _eClass_.name = 'Activity') and _containmentMF_.name = 'node')">
    <nodeLabelTraces
        visualID="5034"
        queryText="true"/>
    <nodeLabelTraces
        visualID="5036"
        queryText="true"/>
  </childNodeTraces>
  <childNodeTraces
      visualID="3037"
      queryText="(let _eClass_:ecore::EClass = modelFacet.metaClass.ecoreClass in _eClass_.ePackage.nsURI = 'http://www.eclipse.org/uml2/2.1.0/UML' and _eClass_.name = 'CentralBufferNode') and (let _containmentMF_:ecore::EStructuralFeature = modelFacet.containmentMetaFeature.ecoreFeature in (let _eClass_:ecore::EClass = _containmentMF_.eContainingClass in _eClass_.ePackage.nsURI = 'http://www.eclipse.org/uml2/2.1.0/UML' and _eClass_.name = 'Activity') and _containmentMF_.name = 'node')">
    <nodeLabelTraces
        visualID="5032"
        queryText="true"/>
    <nodeLabelTraces
        visualID="5038"
        queryText="true"/>
  </childNodeTraces>
  <childNodeTraces
      visualID="3038"
      queryText="(let _eClass_:ecore::EClass = modelFacet.metaClass.ecoreClass in _eClass_.ePackage.nsURI = 'http://www.eclipse.org/uml2/2.1.0/UML' and _eClass_.name = 'FlowFinalNode') and (let _containmentMF_:ecore::EStructuralFeature = modelFacet.containmentMetaFeature.ecoreFeature in (let _eClass_:ecore::EClass = _containmentMF_.eContainingClass in _eClass_.ePackage.nsURI = 'http://www.eclipse.org/uml2/2.1.0/UML' and _eClass_.name = 'Activity') and _containmentMF_.name = 'node')"/>
  <childNodeTraces
      visualID="3039"
      queryText="(let _eClass_:ecore::EClass = modelFacet.metaClass.ecoreClass in _eClass_.ePackage.nsURI = 'http://www.eclipse.org/uml2/2.1.0/UML' and _eClass_.name = 'ForkNode') and (let _containmentMF_:ecore::EStructuralFeature = modelFacet.containmentMetaFeature.ecoreFeature in (let _eClass_:ecore::EClass = _containmentMF_.eContainingClass in _eClass_.ePackage.nsURI = 'http://www.eclipse.org/uml2/2.1.0/UML' and _eClass_.name = 'Activity') and _containmentMF_.name = 'node')"/>
  <childNodeTraces
      visualID="3040"
      queryText="(let _eClass_:ecore::EClass = modelFacet.metaClass.ecoreClass in _eClass_.ePackage.nsURI = 'http://www.eclipse.org/uml2/2.1.0/UML' and _eClass_.name = 'JoinNode') and (let _containmentMF_:ecore::EStructuralFeature = modelFacet.containmentMetaFeature.ecoreFeature in (let _eClass_:ecore::EClass = _containmentMF_.eContainingClass in _eClass_.ePackage.nsURI = 'http://www.eclipse.org/uml2/2.1.0/UML' and _eClass_.name = 'Activity') and _containmentMF_.name = 'node')"/>
  <childNodeTraces
      visualID="3041"
      queryText="(let _eClass_:ecore::EClass = modelFacet.metaClass.ecoreClass in _eClass_.ePackage.nsURI = 'http://www.eclipse.org/uml2/2.1.0/UML' and _eClass_.name = 'Pin') and (let _containmentMF_:ecore::EStructuralFeature = modelFacet.containmentMetaFeature.ecoreFeature in (let _eClass_:ecore::EClass = _containmentMF_.eContainingClass in _eClass_.ePackage.nsURI = 'http://www.eclipse.org/uml2/2.1.0/UML' and _eClass_.name = 'Activity') and _containmentMF_.name = 'node')">
    <nodeLabelTraces
        visualID="5024"
        queryText="true"/>
  </childNodeTraces>
  <childNodeTraces
      visualID="3042"
      queryText="(let _eClass_:ecore::EClass = modelFacet.metaClass.ecoreClass in _eClass_.ePackage.nsURI = 'http://www.eclipse.org/uml2/2.1.0/UML' and _eClass_.name = 'CreateObjectAction') and (let _containmentMF_:ecore::EStructuralFeature = modelFacet.containmentMetaFeature.ecoreFeature in (let _eClass_:ecore::EClass = _containmentMF_.eContainingClass in _eClass_.ePackage.nsURI = 'http://www.eclipse.org/uml2/2.1.0/UML' and _eClass_.name = 'Activity') and _containmentMF_.name = 'node')">
    <nodeLabelTraces
        visualID="5025"
        queryText="true"/>
  </childNodeTraces>
  <childNodeTraces
      visualID="3043"
      queryText="(let _eClass_:ecore::EClass = modelFacet.metaClass.ecoreClass in _eClass_.ePackage.nsURI = 'http://www.eclipse.org/uml2/2.1.0/UML' and _eClass_.name = 'AddStructuralFeatureValueAction') and (let _containmentMF_:ecore::EStructuralFeature = modelFacet.containmentMetaFeature.ecoreFeature in (let _eClass_:ecore::EClass = _containmentMF_.eContainingClass in _eClass_.ePackage.nsURI = 'http://www.eclipse.org/uml2/2.1.0/UML' and _eClass_.name = 'Activity') and _containmentMF_.name = 'node')">
    <nodeLabelTraces
        visualID="5026"
        queryText="true"/>
  </childNodeTraces>
  <childNodeTraces
      visualID="3044"
      queryText="(let _eClass_:ecore::EClass = modelFacet.metaClass.ecoreClass in _eClass_.ePackage.nsURI = 'http://www.eclipse.org/uml2/2.1.0/UML' and _eClass_.name = 'CallBehaviorAction') and (let _containmentMF_:ecore::EStructuralFeature = modelFacet.containmentMetaFeature.ecoreFeature in (let _eClass_:ecore::EClass = _containmentMF_.eContainingClass in _eClass_.ePackage.nsURI = 'http://www.eclipse.org/uml2/2.1.0/UML' and _eClass_.name = 'Activity') and _containmentMF_.name = 'node')">
    <nodeLabelTraces
        visualID="5027"
        queryText="true"/>
  </childNodeTraces>
  <childNodeTraces
      visualID="3045"
      queryText="(let _eClass_:ecore::EClass = modelFacet.metaClass.ecoreClass in _eClass_.ePackage.nsURI = 'http://www.eclipse.org/uml2/2.1.0/UML' and _eClass_.name = 'CallOperationAction') and (let _containmentMF_:ecore::EStructuralFeature = modelFacet.containmentMetaFeature.ecoreFeature in (let _eClass_:ecore::EClass = _containmentMF_.eContainingClass in _eClass_.ePackage.nsURI = 'http://www.eclipse.org/uml2/2.1.0/UML' and _eClass_.name = 'Activity') and _containmentMF_.name = 'node')">
    <nodeLabelTraces
        visualID="5028"
        queryText="true"/>
  </childNodeTraces>
  <childNodeTraces
      visualID="3046"
      queryText="(let _eClass_:ecore::EClass = modelFacet.metaClass.ecoreClass in _eClass_.ePackage.nsURI = 'http://www.eclipse.org/uml2/2.1.0/UML' and _eClass_.name = 'StructuredActivityNode') and (let _containmentMF_:ecore::EStructuralFeature = modelFacet.containmentMetaFeature.ecoreFeature in (let _eClass_:ecore::EClass = _containmentMF_.eContainingClass in _eClass_.ePackage.nsURI = 'http://www.eclipse.org/uml2/2.1.0/UML' and _eClass_.name = 'Activity') and _containmentMF_.name = 'group')">
    <compartmentTraces
        visualID="7008"
        queryText="true"/>
  </childNodeTraces>
  <childNodeTraces
      visualID="3047"
      queryText="(let _eClass_:ecore::EClass = modelFacet.metaClass.ecoreClass in _eClass_.ePackage.nsURI = 'http://www.eclipse.org/uml2/2.1.0/UML' and _eClass_.name = 'OpaqueBehavior') and (let _containmentMF_:ecore::EStructuralFeature = modelFacet.containmentMetaFeature.ecoreFeature in (let _eClass_:ecore::EClass = _containmentMF_.eContainingClass in _eClass_.ePackage.nsURI = 'http://www.eclipse.org/uml2/2.1.0/UML' and _eClass_.name = 'BehavioredClassifier') and _containmentMF_.name = 'ownedBehavior')">
    <nodeLabelTraces
        visualID="5029"
        queryText="true"/>
  </childNodeTraces>
  <childNodeTraces
      visualID="3049"
      queryText="(let _eClass_:ecore::EClass = modelFacet.metaClass.ecoreClass in _eClass_.ePackage.nsURI = 'http://www.eclipse.org/uml2/2.1.0/UML' and _eClass_.name = 'LiteralString') and (let _containmentMF_:ecore::EStructuralFeature = modelFacet.containmentMetaFeature.ecoreFeature in (let _eClass_:ecore::EClass = _containmentMF_.eContainingClass in _eClass_.ePackage.nsURI = 'http://www.eclipse.org/uml2/2.1.0/UML' and _eClass_.name = 'Constraint') and _containmentMF_.name = 'specification')"/>
  <childNodeTraces
      visualID="3051"
      queryText="(let _eClass_:ecore::EClass = modelFacet.metaClass.ecoreClass in _eClass_.ePackage.nsURI = 'http://www.eclipse.org/uml2/2.1.0/UML' and _eClass_.name = 'LiteralString') and (let _containmentMF_:ecore::EStructuralFeature = modelFacet.containmentMetaFeature.ecoreFeature in (let _eClass_:ecore::EClass = _containmentMF_.eContainingClass in _eClass_.ePackage.nsURI = 'http://www.eclipse.org/uml2/2.1.0/UML' and _eClass_.name = 'Constraint') and _containmentMF_.name = 'specification')"/>
  <childNodeTraces
      visualID="3052"
      queryText="(let _eClass_:ecore::EClass = modelFacet.metaClass.ecoreClass in _eClass_.ePackage.nsURI = 'http://www.eclipse.org/uml2/2.1.0/UML' and _eClass_.name = 'ActivityParameterNode') and (let _containmentMF_:ecore::EStructuralFeature = modelFacet.containmentMetaFeature.ecoreFeature in (let _eClass_:ecore::EClass = _containmentMF_.eContainingClass in _eClass_.ePackage.nsURI = 'http://www.eclipse.org/uml2/2.1.0/UML' and _eClass_.name = 'Activity') and _containmentMF_.name = 'node')">
    <nodeLabelTraces
        visualID="5031"
        queryText="true"/>
  </childNodeTraces>
  <childNodeTraces
      visualID="3053"
      queryText="(let _eClass_:ecore::EClass = modelFacet.metaClass.ecoreClass in _eClass_.ePackage.nsURI = 'http://www.eclipse.org/uml2/2.1.0/UML' and _eClass_.name = 'SendSignalAction') and (let _containmentMF_:ecore::EStructuralFeature = modelFacet.containmentMetaFeature.ecoreFeature in (let _eClass_:ecore::EClass = _containmentMF_.eContainingClass in _eClass_.ePackage.nsURI = 'http://www.eclipse.org/uml2/2.1.0/UML' and _eClass_.name = 'Activity') and _containmentMF_.name = 'node')">
    <nodeLabelTraces
        visualID="5044"
        queryText="true"/>
  </childNodeTraces>
  <childNodeTraces
      visualID="3054"
      queryText="(let _eClass_:ecore::EClass = modelFacet.metaClass.ecoreClass in _eClass_.ePackage.nsURI = 'http://www.eclipse.org/uml2/2.1.0/UML' and _eClass_.name = 'InputPin') and (let _containmentMF_:ecore::EStructuralFeature = modelFacet.containmentMetaFeature.ecoreFeature in (let _eClass_:ecore::EClass = _containmentMF_.eContainingClass in _eClass_.ePackage.nsURI = 'http://www.eclipse.org/uml2/2.1.0/UML' and _eClass_.name = 'StructuredActivityNode') and _containmentMF_.name = 'node')"/>
  <childNodeTraces
      visualID="3055"
      queryText="(let _eClass_:ecore::EClass = modelFacet.metaClass.ecoreClass in _eClass_.ePackage.nsURI = 'http://www.eclipse.org/uml2/2.1.0/UML' and _eClass_.name = 'OutputPin') and (let _containmentMF_:ecore::EStructuralFeature = modelFacet.containmentMetaFeature.ecoreFeature in (let _eClass_:ecore::EClass = _containmentMF_.eContainingClass in _eClass_.ePackage.nsURI = 'http://www.eclipse.org/uml2/2.1.0/UML' and _eClass_.name = 'StructuredActivityNode') and _containmentMF_.name = 'node')"/>
  <linkTraces
      visualID="4001"
      queryText="modelFacet.oclIsKindOf(gmfgen::TypeLinkModelFacet) and (let _eClass_:ecore::EClass = modelFacet.oclAsType(gmfgen::TypeLinkModelFacet).metaClass.ecoreClass in _eClass_.ePackage.nsURI = 'http://www.eclipse.org/uml2/2.1.0/UML' and _eClass_.name = 'ControlFlow')">
    <linkLabelTraces
        visualID="6003"
        queryText="true"/>
    <linkLabelTraces
        visualID="6005"
        queryText="true"/>
  </linkTraces>
  <linkTraces
      visualID="4002"
      queryText="modelFacet.oclIsKindOf(gmfgen::TypeLinkModelFacet) and (let _eClass_:ecore::EClass = modelFacet.oclAsType(gmfgen::TypeLinkModelFacet).metaClass.ecoreClass in _eClass_.ePackage.nsURI = 'http://www.eclipse.org/uml2/2.1.0/UML' and _eClass_.name = 'ObjectFlow')">
    <linkLabelTraces
        visualID="6004"
        queryText="true"/>
    <linkLabelTraces
        visualID="6006"
        queryText="true"/>
  </linkTraces>
  <linkTraces
      visualID="4003"
      queryText="modelFacet.oclIsKindOf(gmfgen::FeatureLinkModelFacet) and (let _feature_:ecore::EStructuralFeature = modelFacet.oclAsType(gmfgen::FeatureLinkModelFacet).metaFeature.ecoreFeature in (let _eClass_:ecore::EClass = _feature_.eContainingClass in _eClass_.ePackage.nsURI = 'http://www.eclipse.org/uml2/2.1.0/UML' and _eClass_.name = 'Action') and _feature_.name = 'localPrecondition')"/>
  <linkTraces
      visualID="4004"
      queryText="modelFacet.oclIsKindOf(gmfgen::FeatureLinkModelFacet) and (let _feature_:ecore::EStructuralFeature = modelFacet.oclAsType(gmfgen::FeatureLinkModelFacet).metaFeature.ecoreFeature in (let _eClass_:ecore::EClass = _feature_.eContainingClass in _eClass_.ePackage.nsURI = 'http://www.eclipse.org/uml2/2.1.0/UML' and _eClass_.name = 'ObjectNode') and _feature_.name = 'selection')"/>
  <linkTraces
      visualID="4005"
      queryText="modelFacet.oclIsKindOf(gmfgen::TypeLinkModelFacet) and (let _eClass_:ecore::EClass = modelFacet.oclAsType(gmfgen::TypeLinkModelFacet).metaClass.ecoreClass in _eClass_.ePackage.nsURI = 'http://www.eclipse.org/uml2/2.1.0/UML' and _eClass_.name = 'ExceptionHandler')">
    <linkLabelTraces
        visualID="6002"
        queryText="true"/>
  </linkTraces>
  <linkTraces
      visualID="4006"
      queryText="modelFacet.oclIsKindOf(gmfgen::FeatureLinkModelFacet) and (let _feature_:ecore::EStructuralFeature = modelFacet.oclAsType(gmfgen::FeatureLinkModelFacet).metaFeature.ecoreFeature in (let _eClass_:ecore::EClass = _feature_.eContainingClass in _eClass_.ePackage.nsURI = 'http://www.eclipse.org/uml2/2.1.0/UML' and _eClass_.name = 'Action') and _feature_.name = 'localPostcondition')"/>
</trace:TraceModel>
